<?xml version="1.0" encoding="UTF-8"?><testrun name="CarParkingTesting" project="TestingVerificationProject" tests="6" started="6" failures="1" errors="0" ignored="1">
  <testsuite name="testing.CarParkingTesting" time="0.016" displayname="CarParkingTesting" uniqueid="[engine:junit-vintage]/[runner:testing.CarParkingTesting]">
    <testcase name="testCarParkingMoveForward" classname="testing.CarParkingTesting" time="0.001" displayname="testCarParkingMoveForward" uniqueid="[engine:junit-vintage]/[runner:testing.CarParkingTesting]/[test:testCarParkingMoveForward(testing.CarParkingTesting)]"/>
    <testcase name="testCarParkingUnPark" classname="testing.CarParkingTesting" time="0.0" ignored="true" displayname="testCarParkingUnPark" uniqueid="[engine:junit-vintage]/[runner:testing.CarParkingTesting]/[test:testCarParkingUnPark(testing.CarParkingTesting)]"/>
    <testcase name="testCarParkingPark" classname="testing.CarParkingTesting" time="0.012" displayname="testCarParkingPark" uniqueid="[engine:junit-vintage]/[runner:testing.CarParkingTesting]/[test:testCarParkingPark(testing.CarParkingTesting)]">
      <failure>java.lang.AssertionError
	at org.junit.Assert.fail(Assert.java:87)
	at org.junit.Assert.assertTrue(Assert.java:42)
	at org.junit.Assert.assertTrue(Assert.java:53)
	at testing.CarParkingTesting.testCarParkingPark(CarParkingTesting.java:56)
	at sun.reflect.NativeMethodAccessorImpl.invoke0(Native Method)
	at sun.reflect.NativeMethodAccessorImpl.invoke(NativeMethodAccessorImpl.java:62)
	at sun.reflect.DelegatingMethodAccessorImpl.invoke(DelegatingMethodAccessorImpl.java:43)
	at java.lang.reflect.Method.invoke(Method.java:498)
	at org.junit.runners.model.FrameworkMethod$1.runReflectiveCall(FrameworkMethod.java:59)
	at org.junit.internal.runners.model.ReflectiveCallable.run(ReflectiveCallable.java:12)
	at org.junit.runners.model.FrameworkMethod.invokeExplosively(FrameworkMethod.java:56)
	at org.junit.internal.runners.statements.InvokeMethod.evaluate(InvokeMethod.java:17)
	at org.junit.runners.ParentRunner$3.evaluate(ParentRunner.java:306)
	at org.junit.runners.BlockJUnit4ClassRunner$1.evaluate(BlockJUnit4ClassRunner.java:100)
	at org.junit.runners.ParentRunner.runLeaf(ParentRunner.java:366)
	at org.junit.runners.BlockJUnit4ClassRunner.runChild(BlockJUnit4ClassRunner.java:103)
	at org.junit.runners.BlockJUnit4ClassRunner.runChild(BlockJUnit4ClassRunner.java:63)
	at org.junit.runners.ParentRunner$4.run(ParentRunner.java:331)
	at org.junit.runners.ParentRunner$1.schedule(ParentRunner.java:79)
	at org.junit.runners.ParentRunner.runChildren(ParentRunner.java:329)
	at org.junit.runners.ParentRunner.access$100(ParentRunner.java:66)
	at org.junit.runners.ParentRunner$2.evaluate(ParentRunner.java:293)
	at org.junit.runners.ParentRunner$3.evaluate(ParentRunner.java:306)
	at org.junit.runners.ParentRunner.run(ParentRunner.java:413)
	at org.junit.runner.JUnitCore.run(JUnitCore.java:137)
	at org.junit.runner.JUnitCore.run(JUnitCore.java:115)
	at org.junit.vintage.engine.execution.RunnerExecutor.execute(RunnerExecutor.java:43)
	at java.util.stream.ForEachOps$ForEachOp$OfRef.accept(ForEachOps.java:184)
	at java.util.stream.ReferencePipeline$3$1.accept(ReferencePipeline.java:193)
	at java.util.Iterator.forEachRemaining(Iterator.java:116)
	at java.util.Spliterators$IteratorSpliterator.forEachRemaining(Spliterators.java:1801)
	at java.util.stream.AbstractPipeline.copyInto(AbstractPipeline.java:481)
	at java.util.stream.AbstractPipeline.wrapAndCopyInto(AbstractPipeline.java:471)
	at java.util.stream.ForEachOps$ForEachOp.evaluateSequential(ForEachOps.java:151)
	at java.util.stream.ForEachOps$ForEachOp$OfRef.evaluateSequential(ForEachOps.java:174)
	at java.util.stream.AbstractPipeline.evaluate(AbstractPipeline.java:234)
	at java.util.stream.ReferencePipeline.forEach(ReferencePipeline.java:418)
	at org.junit.vintage.engine.VintageTestEngine.executeAllChildren(VintageTestEngine.java:82)
	at org.junit.vintage.engine.VintageTestEngine.execute(VintageTestEngine.java:73)
	at org.junit.platform.launcher.core.EngineExecutionOrchestrator.execute(EngineExecutionOrchestrator.java:108)
	at org.junit.platform.launcher.core.EngineExecutionOrchestrator.execute(EngineExecutionOrchestrator.java:88)
	at org.junit.platform.launcher.core.EngineExecutionOrchestrator.lambda$execute$0(EngineExecutionOrchestrator.java:54)
	at org.junit.platform.launcher.core.EngineExecutionOrchestrator.withInterceptedStreams(EngineExecutionOrchestrator.java:67)
	at org.junit.platform.launcher.core.EngineExecutionOrchestrator.execute(EngineExecutionOrchestrator.java:52)
	at org.junit.platform.launcher.core.DefaultLauncher.execute(DefaultLauncher.java:96)
	at org.junit.platform.launcher.core.DefaultLauncher.execute(DefaultLauncher.java:84)
	at org.eclipse.jdt.internal.junit5.runner.JUnit5TestReference.run(JUnit5TestReference.java:98)
	at org.eclipse.jdt.internal.junit.runner.TestExecution.run(TestExecution.java:40)
	at org.eclipse.jdt.internal.junit.runner.RemoteTestRunner.runTests(RemoteTestRunner.java:529)
	at org.eclipse.jdt.internal.junit.runner.RemoteTestRunner.runTests(RemoteTestRunner.java:756)
	at org.eclipse.jdt.internal.junit.runner.RemoteTestRunner.run(RemoteTestRunner.java:452)
	at org.eclipse.jdt.internal.junit.runner.RemoteTestRunner.main(RemoteTestRunner.java:210)

</failure>
    </testcase>
    <testcase name="testCarParkingWhereIs" classname="testing.CarParkingTesting" time="0.0" displayname="testCarParkingWhereIs" uniqueid="[engine:junit-vintage]/[runner:testing.CarParkingTesting]/[test:testCarParkingWhereIs(testing.CarParkingTesting)]"/>
    <testcase name="testCarParkingMoveBackward" classname="testing.CarParkingTesting" time="0.0" displayname="testCarParkingMoveBackward" uniqueid="[engine:junit-vintage]/[runner:testing.CarParkingTesting]/[test:testCarParkingMoveBackward(testing.CarParkingTesting)]"/>
    <testcase name="testCarParkingIsEmpty" classname="testing.CarParkingTesting" time="0.0" displayname="testCarParkingIsEmpty" uniqueid="[engine:junit-vintage]/[runner:testing.CarParkingTesting]/[test:testCarParkingIsEmpty(testing.CarParkingTesting)]"/>
  </testsuite>
</testrun>
